# JRE version: OpenJDK Runtime Environment (21.0.3) (build 21.0.3+-12282718-b509.11)
# Java VM: OpenJDK 64-Bit Server VM (21.0.3+-12282718-b509.11, mixed mode, tiered, compressed oops, compressed class ptrs, g1 gc, windows-amd64)
GC Precious Log:
 CardTable entry size: 512
 Card Set container configuration: InlinePtr #cards 5 size 8 Array Of Cards #cards 12 size 40 Howl #buckets 4 coarsen threshold 1843 Howl Bitmap #cards 512 size 80 coarsen threshold 460 Card regions per heap region 1 cards per card region 2048
 CPUs: 8 total, 8 available
 Memory: 16086M
 Large Page Support: Disabled
 NUMA Support: Disabled
 Compressed Oops: Enabled (32-bit)
 Heap Region Size: 1M
 Heap Min Capacity: 8M
 Heap Initial Capacity: 252M
 Heap Max Capacity: 2G
 Pre-touch: Disabled
 Parallel Workers: 8
 Concurrent Workers: 2
 Concurrent Refinement Workers: 8
 Periodic GC: Disabled
Heap:
 garbage-first heap   total 345088K, used 275030K [0x0000000080000000, 0x0000000100000000)
  region size 1024K, 9 young (9216K), 7 survivors (7168K)
 Metaspace       used 159664K, committed 162112K, reserved 1245184K
  class space    used 21474K, committed 22656K, reserved 1048576K
GC Heap History (20 events):
Event: 12.130 GC heap before
{Heap before GC invocations=41 (full 0):
 garbage-first heap   total 196608K, used 174693K [0x0000000080000000, 0x0000000100000000)
  region size 1024K, 66 young (67584K), 7 survivors (7168K)
 Metaspace       used 114808K, committed 116928K, reserved 1179648K
  class space    used 15676K, committed 16704K, reserved 1048576K
}
Event: 12.136 GC heap after
{Heap after GC invocations=42 (full 0):
 garbage-first heap   total 196608K, used 117532K [0x0000000080000000, 0x0000000100000000)
  region size 1024K, 6 young (6144K), 6 survivors (6144K)
 Metaspace       used 114808K, committed 116928K, reserved 1179648K
  class space    used 15676K, committed 16704K, reserved 1048576K
}
Event: 12.441 GC heap before
{Heap before GC invocations=43 (full 0):
 garbage-first heap   total 208896K, used 175900K [0x0000000080000000, 0x0000000100000000)
  region size 1024K, 64 young (65536K), 6 survivors (6144K)
 Metaspace       used 114933K, committed 117120K, reserved 1179648K
  class space    used 15686K, committed 16768K, reserved 1048576K
}
Event: 12.446 GC heap after
{Heap after GC invocations=44 (full 0):
 garbage-first heap   total 208896K, used 119416K [0x0000000080000000, 0x0000000100000000)
  region size 1024K, 5 young (5120K), 5 survivors (5120K)
 Metaspace       used 114933K, committed 117120K, reserved 1179648K
  class space    used 15686K, committed 16768K, reserved 1048576K
}
Event: 13.448 GC heap before
{Heap before GC invocations=44 (full 0):
 garbage-first heap   total 333824K, used 332408K [0x0000000080000000, 0x0000000100000000)
  region size 1024K, 60 young (61440K), 5 survivors (5120K)
 Metaspace       used 118409K, committed 120576K, reserved 1179648K
  class space    used 16162K, committed 17280K, reserved 1048576K
}
Event: 13.454 GC heap after
{Heap after GC invocations=45 (full 0):
 garbage-first heap   total 344064K, used 121787K [0x0000000080000000, 0x0000000100000000)
  region size 1024K, 9 young (9216K), 9 survivors (9216K)
 Metaspace       used 118409K, committed 120576K, reserved 1179648K
  class space    used 16162K, committed 17280K, reserved 1048576K
}
Event: 266.527 GC heap before
{Heap before GC invocations=45 (full 0):
 garbage-first heap   total 344064K, used 308155K [0x0000000080000000, 0x0000000100000000)
  region size 1024K, 190 young (194560K), 9 survivors (9216K)
 Metaspace       used 126655K, committed 128896K, reserved 1179648K
  class space    used 16908K, committed 18048K, reserved 1048576K
}
Event: 266.547 GC heap after
{Heap after GC invocations=46 (full 0):
 garbage-first heap   total 345088K, used 148407K [0x0000000080000000, 0x0000000100000000)
  region size 1024K, 24 young (24576K), 24 survivors (24576K)
 Metaspace       used 126655K, committed 128896K, reserved 1179648K
  class space    used 16908K, committed 18048K, reserved 1048576K
}
Event: 266.745 GC heap before
{Heap before GC invocations=46 (full 0):
 garbage-first heap   total 345088K, used 176055K [0x0000000080000000, 0x0000000100000000)
  region size 1024K, 42 young (43008K), 24 survivors (24576K)
 Metaspace       used 126834K, committed 129088K, reserved 1179648K
  class space    used 16915K, committed 18048K, reserved 1048576K
}
Event: 266.762 GC heap after
{Heap after GC invocations=47 (full 0):
 garbage-first heap   total 345088K, used 165881K [0x0000000080000000, 0x0000000100000000)
  region size 1024K, 12 young (12288K), 12 survivors (12288K)
 Metaspace       used 126834K, committed 129088K, reserved 1179648K
  class space    used 16915K, committed 18048K, reserved 1048576K
}
Event: 268.829 GC heap before
{Heap before GC invocations=48 (full 0):
 garbage-first heap   total 345088K, used 251897K [0x0000000080000000, 0x0000000100000000)
  region size 1024K, 93 young (95232K), 12 survivors (12288K)
 Metaspace       used 129853K, committed 132096K, reserved 1179648K
  class space    used 17242K, committed 18368K, reserved 1048576K
}
Event: 268.835 GC heap after
{Heap after GC invocations=49 (full 0):
 garbage-first heap   total 345088K, used 160186K [0x0000000080000000, 0x0000000100000000)
  region size 1024K, 6 young (6144K), 6 survivors (6144K)
 Metaspace       used 129853K, committed 132096K, reserved 1179648K
  class space    used 17242K, committed 18368K, reserved 1048576K
}
Event: 269.905 GC heap before
{Heap before GC invocations=49 (full 0):
 garbage-first heap   total 345088K, used 257466K [0x0000000080000000, 0x0000000100000000)
  region size 1024K, 100 young (102400K), 6 survivors (6144K)
 Metaspace       used 141095K, committed 143424K, reserved 1179648K
  class space    used 18705K, committed 19840K, reserved 1048576K
}
Event: 269.914 GC heap after
{Heap after GC invocations=50 (full 0):
 garbage-first heap   total 345088K, used 169143K [0x0000000080000000, 0x0000000100000000)
  region size 1024K, 13 young (13312K), 13 survivors (13312K)
 Metaspace       used 141095K, committed 143424K, reserved 1179648K
  class space    used 18705K, committed 19840K, reserved 1048576K
}
Event: 271.010 GC heap before
{Heap before GC invocations=50 (full 0):
 garbage-first heap   total 345088K, used 266423K [0x0000000080000000, 0x0000000100000000)
  region size 1024K, 109 young (111616K), 13 survivors (13312K)
 Metaspace       used 148866K, committed 151296K, reserved 1179648K
  class space    used 19750K, committed 20992K, reserved 1048576K
}
Event: 271.019 GC heap after
{Heap after GC invocations=51 (full 0):
 garbage-first heap   total 345088K, used 173317K [0x0000000080000000, 0x0000000100000000)
  region size 1024K, 6 young (6144K), 6 survivors (6144K)
 Metaspace       used 148866K, committed 151296K, reserved 1179648K
  class space    used 19750K, committed 20992K, reserved 1048576K
}
Event: 271.871 GC heap before
{Heap before GC invocations=51 (full 0):
 garbage-first heap   total 345088K, used 261381K [0x0000000080000000, 0x0000000100000000)
  region size 1024K, 90 young (92160K), 6 survivors (6144K)
 Metaspace       used 159652K, committed 162048K, reserved 1245184K
  class space    used 21474K, committed 22656K, reserved 1048576K
}
Event: 271.879 GC heap after
{Heap after GC invocations=52 (full 0):
 garbage-first heap   total 345088K, used 179039K [0x0000000080000000, 0x0000000100000000)
  region size 1024K, 7 young (7168K), 7 survivors (7168K)
 Metaspace       used 159652K, committed 162048K, reserved 1245184K
  class space    used 21474K, committed 22656K, reserved 1048576K
}
Event: 271.880 GC heap before
{Heap before GC invocations=52 (full 0):
 garbage-first heap   total 345088K, used 181087K [0x0000000080000000, 0x0000000100000000)
  region size 1024K, 8 young (8192K), 7 survivors (7168K)
 Metaspace       used 159653K, committed 162048K, reserved 1245184K
  class space    used 21474K, committed 22656K, reserved 1048576K
}
Event: 271.887 GC heap after
{Heap after GC invocations=53 (full 0):
 garbage-first heap   total 345088K, used 180822K [0x0000000080000000, 0x0000000100000000)
  region size 1024K, 7 young (7168K), 7 survivors (7168K)
 Metaspace       used 159653K, committed 162048K, reserved 1245184K
  class space    used 21474K, committed 22656K, reserved 1048576K
}

